<?xml version="1.0" encoding="UTF-8"?>
<!-- Generated by org.testng.reporters.JUnitReportReporter -->
<testsuite hostname="DESKTOP-092J5ON" failures="0" tests="9" name="Homework09.Tests.TestDemoQaPage" time="6.174" errors="0" timestamp="2022-10-27T15:49:37 ART" skipped="0">
  <testcase classname="Homework09.Tests.TestDemoQaPage" name="assertPracticeFormsUrl" time="0.921"/>
  <system-out/>
  <testcase classname="Homework09.Tests.TestDemoQaPage" name="assertFormsUrl" time="0.901"/>
  <system-out/>
  <testcase classname="Homework09.Tests.TestDemoQaPage" name="fillInputs" time="1.499"/>
  <system-out/>
  <testcase classname="Homework09.Tests.TestDemoQaPage" name="selectGender" time="0.285"/>
  <system-out/>
  <testcase classname="Homework09.Tests.TestDemoQaPage" name="completeBirthDate" time="1.273"/>
  <system-out/>
  <testcase classname="Homework09.Tests.TestDemoQaPage" name="selectHobby" time="0.318"/>
  <system-out/>
  <testcase classname="Homework09.Tests.TestDemoQaPage" name="uploadImage" time="0.373"/>
  <system-out/>
  <testcase classname="Homework09.Tests.TestDemoQaPage" name="completeState" time="0.469"/>
  <system-out/>
  <testcase classname="Homework09.Tests.TestDemoQaPage" name="submit" time="0.135"/>
  <system-out/>
</testsuite> <!-- Homework09.Tests.TestDemoQaPage -->
